<?xml version="1.0" encoding="UTF-8"?>
<testsuite name="SumCalculatorTest" tests="4" skipped="0" failures="0" errors="0" timestamp="2020-02-16T20:10:40" hostname="DESKTOP-S7SHRMI" time="0.01">
  <properties/>
  <testcase name="test1" classname="SumCalculatorTest" time="0.001"/>
  <testcase name="test2" classname="SumCalculatorTest" time="0.001"/>
  <testcase name="test3" classname="SumCalculatorTest" time="0.001"/>
  <testcase name="test4" classname="SumCalculatorTest" time="0.0"/>
  <system-out><![CDATA[]]></system-out>
  <system-err><![CDATA[]]></system-err>
</testsuite>
